2025-03-18 08:31:55 - Person 'Kirill' entered the camera vision.
2025-03-18 08:42:17 - Person 'Kirill' entered the camera vision.
2025-03-18 08:47:21 - Person 'Kirill' entered the camera vision.
2025-03-18 08:52:54 - Person 'Kirill' entered the camera vision.
2025-03-18 09:23:08 - Person 'Kirill' entered the camera vision.
2025-03-18 09:36:25 - Person 'Kirill' entered the camera vision.
2025-03-18 09:41:04 - Person 'Kirill' entered the camera vision.
2025-03-18 10:17:03 - Person 'Kirill' entered the camera vision.
2025-04-22 14:02:54 - Person 'Mikhail' entered the camera vision.
2025-04-22 14:03:04 - Person 'Dmitriy' entered the camera vision.
2025-04-22 14:03:14 - Person 'Dmitriy' entered the camera vision.
2025-04-22 14:03:38 - Person 'Sergey' entered the camera vision.
2025-04-22 14:03:41 - Person 'Alexander' entered the camera vision.
2025-04-22 14:03:49 - Person 'Natasha' entered the camera vision.
2025-04-22 14:03:54 - Person 'Anastasia' entered the camera vision.
2025-04-22 14:04:02 - Person 'Anastasia' entered the camera vision.
2025-04-22 14:04:05 - Person 'Darya' entered the camera vision.
2025-04-22 14:05:30 - Person 'Mikhail' entered the camera vision.
2025-04-22 14:05:40 - Person 'Dmitriy' entered the camera vision.
2025-04-22 14:05:50 - Person 'Dmitriy' entered the camera vision.
2025-04-22 14:06:12 - Person 'Sergey' entered the camera vision.
2025-04-22 14:06:15 - Person 'Alexander' entered the camera vision.
2025-04-22 14:06:22 - Person 'Natasha' entered the camera vision.
2025-04-22 14:06:27 - Person 'Anastasia' entered the camera vision.
2025-04-22 14:06:34 - Person 'Anastasia' entered the camera vision.
2025-04-22 14:06:36 - Person 'Darya' entered the camera vision.
2025-04-22 14:06:48 - Person 'Svetlana' entered the camera vision.
2025-04-22 14:10:14 - Person 'Mikhail' entered the camera vision.
2025-04-22 14:10:24 - Person 'Dmitriy' entered the camera vision.
2025-04-22 14:10:34 - Person 'Dmitriy' entered the camera vision.
2025-04-22 14:11:15 - Person 'Mikhail' entered the camera vision.
2025-04-22 14:11:25 - Person 'Dmitriy' entered the camera vision.
2025-04-22 14:11:36 - Person 'Dmitriy' entered the camera vision.
2025-04-22 14:11:56 - Person 'Sergey' entered the camera vision.
2025-04-22 14:11:59 - Person 'Alexander' entered the camera vision.
2025-04-22 14:12:07 - Person 'Natasha' entered the camera vision.
2025-04-22 14:12:12 - Person 'Anastasia' entered the camera vision.
2025-04-22 14:12:20 - Person 'Anastasia' entered the camera vision.
2025-04-22 14:12:23 - Person 'Darya' entered the camera vision.
2025-04-22 14:12:35 - Person 'Svetlana' entered the camera vision.
2025-04-22 14:12:44 - Person 'Darya' entered the camera vision.
2025-04-22 14:14:08 - Person 'Anastasia' entered the camera vision.
2025-04-22 14:14:19 - Person 'Valentina' entered the camera vision.
2025-04-22 14:14:22 - Person 'Mikhail' entered the camera vision.
2025-04-22 14:15:08 - Person 'Ivan' entered the camera vision.
2025-04-22 14:15:26 - Person 'Alexander' entered the camera vision.
2025-04-22 14:15:27 - Person 'Sergey' entered the camera vision.
2025-04-22 14:15:39 - Person 'Natasha' entered the camera vision.
2025-04-22 14:15:44 - Person 'Anastasia' entered the camera vision.
2025-04-22 14:15:53 - Person 'Svetlana' entered the camera vision.
2025-04-22 14:15:55 - Person 'Anastasia' entered the camera vision.
2025-04-22 14:16:11 - Person 'Darya' entered the camera vision.
2025-04-22 14:16:51 - Person 'Natasha' entered the camera vision.
2025-04-22 14:16:57 - Person 'Anastasia' entered the camera vision.
2025-04-22 14:17:06 - Person 'Svetlana' entered the camera vision.
2025-04-22 14:17:06 - Person 'Svetlana' entered the camera vision.
2025-04-22 14:17:14 - Person 'Sergey' entered the camera vision.
2025-04-22 14:17:31 - Person 'Alexander' entered the camera vision.
2025-04-22 14:17:43 - Person 'Ivan' entered the camera vision.
2025-04-22 14:18:58 - Person 'Darya' entered the camera vision.
2025-04-22 14:19:04 - Person 'Anastasia' entered the camera vision.
2025-04-22 14:19:13 - Person 'Svetlana' entered the camera vision.
2025-04-22 14:19:19 - Person 'Alexander' entered the camera vision.
2025-04-22 14:19:22 - Person 'Ivan' entered the camera vision.
2025-04-22 14:19:53 - Person 'Anastasia' entered the camera vision.
2025-04-22 14:19:55 - Person 'Sergey' entered the camera vision.
2025-04-22 14:19:59 - Person 'Dmitriy' entered the camera vision.
2025-04-22 14:20:34 - Person 'Mikhail' entered the camera vision.
2025-04-22 14:21:07 - Person 'Anastasia' entered the camera vision.
2025-04-22 14:21:48 - Person 'Mikhail' entered the camera vision.
2025-04-22 14:22:31 - Person 'Natasha' entered the camera vision.
2025-04-22 14:22:42 - Person 'Darya' entered the camera vision.
2025-04-22 14:23:13 - Person 'Svetlana' entered the camera vision.
